Info: : 7718 mini-second(s) publishing element CustomCategory:scrum_overview[Coma Aki Edu-Scrum\customcategories\scrum_overview_A34DDE47.html]
Info: CustomCategory:scrum_overview: 7723 mini seconds publishing element
Info: : 1109 mini-second(s) publishing element SupportingMaterial:scrum_overview[Coma Aki Edu-Scrum\guidances\supportingmaterials\scrum_overview_610E45C2.html]
Info: SupportingMaterial:scrum_overview: 1112 mini seconds publishing element
Info: RoleSet:scrum_roles: 146 mini seconds publishing element
Info: : 4470 mini-second(s) publishing element Role:product_owner[Coma Aki Edu-Scrum\roles\product_owner_10E7BD3.html]
Info: Role:product_owner: 4472 mini seconds publishing element
Info: Role:scrummaster: 256 mini seconds publishing element
Info: Role:scrum_team: 266 mini seconds publishing element
Info: WorkProductType:scrum_work_products: 104 mini seconds publishing element
Info: : 1382 mini-second(s) publishing element Artifact:potentially_shippable_product_incremement[Coma Aki Edu-Scrum\workproducts\potentially_shippable_product_incremement_69E6418C.html]
Info: Artifact:potentially_shippable_product_incremement: 1383 mini seconds publishing element
Info: Artifact:product_backlog: 243 mini seconds publishing element
Info: Artifact:sprint_backlog: 194 mini seconds publishing element
Info: Artifact:taskboard: 164 mini seconds publishing element
Info: Discipline:scrum_activities: 61 mini seconds publishing element
Info: Task:sprint_planning_meeting: 775 mini seconds publishing element
Info: Task:sprint_retrospective: 124 mini seconds publishing element
Info: Task:the_weekly_scrum: 91 mini seconds publishing element
Info: Task:estimating_the_backlog: 99 mini seconds publishing element
Info: Task:prioritizing_the_backlog: 92 mini seconds publishing element
Info: Task:release_planning: 92 mini seconds publishing element
Info: CustomCategory:scrum_guidance: 64 mini seconds publishing element
Info: Guideline:scrum_of_scrums: 84 mini seconds publishing element
Info: Guideline:estimation_techniques: 71 mini seconds publishing element
Info: Guideline:prioritizing_the_backlog: 91 mini seconds publishing element
Info: SupportingMaterial:scrum_references: 73 mini seconds publishing element
Info: Concept:story_points: 64 mini seconds publishing element
Info: Template:burndown_chart: 880 mini seconds publishing element
Info: Example:example_product_backlog: 118 mini seconds publishing element
Info: : Publishing time: 0 minutes 40 seconds
